<?xml version="1.0" encoding="UTF-8"?>
<!-- Generated by org.testng.reporters.JUnitReportReporter -->
<testsuite hostname="DESKTOP-1OQPK0U" failures="0" tests="1" name="com.qa.test.cases.LoginPageTest" time="17.296" errors="0" timestamp="2020-11-26T16:01:15 IST" skipped="0">
  <testcase classname="com.qa.test.cases.LoginPageTest" name="LoginPageTitle" time="17.296"/>
  <system-out/>
</testsuite> <!-- com.qa.test.cases.LoginPageTest -->
